<?xml version="1.0" encoding="UTF-8"?>
<!-- Generated by org.testng.reporters.JUnitXMLReporter -->
<testsuite hostname="surbhi" ignored="8" name="Test" tests="3" failures="1" timestamp="11 Aug 2022 10:17:22 GMT" time="41.693" errors="0">
  <testcase name="createProduct" time="8.795" classname="com.crm.Sdet.organization1.createOrganizationForproduct"/>
  <testcase name="createOrganization" time="7.016" classname="com.crm.Sdet.organization.CreateOrganization"/>
  <testcase name="createCampaignTest" time="12.791" classname="com.crm.Sdet.organization2.createOrganizationForCampaign">
    <failure type="org.openqa.selenium.NoSuchWindowException" message="no such window
  (Session info: chrome=104.0.5112.81)
Build info: version: &amp;apos;3.141.59&amp;apos;, revision: &amp;apos;e82be7d358&amp;apos;, time: &amp;apos;2018-11-14T08:17:03&amp;apos;
System info: host: &amp;apos;SURBHI&amp;apos;, ip: &amp;apos;192.168.1.54&amp;apos;, os.name: &amp;apos;Windows 10&amp;apos;, os.arch: &amp;apos;amd64&amp;apos;, os.version: &amp;apos;10.0&amp;apos;, java.version: &amp;apos;1.8.0_291&amp;apos;
Driver info: org.openqa.selenium.chrome.ChromeDriver
Capabilities {acceptInsecureCerts: false, browserName: chrome, browserVersion: 104.0.5112.81, chrome: {chromedriverVersion: 103.0.5060.53 (a1711811edd7..., userDataDir: C:\Users\surbh\AppData\Loca...}, goog:chromeOptions: {debuggerAddress: localhost:60402}, javascriptEnabled: true, networkConnectionEnabled: false, pageLoadStrategy: normal, platform: WINDOWS, platformName: WINDOWS, proxy: Proxy(), setWindowRect: true, strictFileInteractability: false, timeouts: {implicit: 0, pageLoad: 300000, script: 30000}, unhandledPromptBehavior: dismiss and notify, webauthn:extension:credBlob: true, webauthn:extension:largeBlob: true, webauthn:virtualAuthenticators: true}
Session ID: 773bfae9ce26f7a7061dea51701cf277">
      <![CDATA[org.openqa.selenium.NoSuchWindowException: no such window
  (Session info: chrome=104.0.5112.81)
Build info: version: '3.141.59', revision: 'e82be7d358', time: '2018-11-14T08:17:03'
System info: host: 'SURBHI', ip: '192.168.1.54', os.name: 'Windows 10', os.arch: 'amd64', os.version: '10.0', java.version: '1.8.0_291'
Driver info: org.openqa.selenium.chrome.ChromeDriver
Capabilities {acceptInsecureCerts: false, browserName: chrome, browserVersion: 104.0.5112.81, chrome: {chromedriverVersion: 103.0.5060.53 (a1711811edd7..., userDataDir: C:\Users\surbh\AppData\Loca...}, goog:chromeOptions: {debuggerAddress: localhost:60402}, javascriptEnabled: true, networkConnectionEnabled: false, pageLoadStrategy: normal, platform: WINDOWS, platformName: WINDOWS, proxy: Proxy(), setWindowRect: true, strictFileInteractability: false, timeouts: {implicit: 0, pageLoad: 300000, script: 30000}, unhandledPromptBehavior: dismiss and notify, webauthn:extension:credBlob: true, webauthn:extension:largeBlob: true, webauthn:virtualAuthenticators: true}
Session ID: 773bfae9ce26f7a7061dea51701cf277
at org.openqa.selenium.remote.http.W3CHttpResponseCodec.createException(W3CHttpResponseCodec.java:187)
at org.openqa.selenium.remote.http.W3CHttpResponseCodec.decode(W3CHttpResponseCodec.java:122)
at org.openqa.selenium.remote.http.W3CHttpResponseCodec.decode(W3CHttpResponseCodec.java:49)
at org.openqa.selenium.remote.HttpCommandExecutor.execute(HttpCommandExecutor.java:158)
at org.openqa.selenium.remote.service.DriverCommandExecutor.execute(DriverCommandExecutor.java:83)
at org.openqa.selenium.remote.RemoteWebDriver.execute(RemoteWebDriver.java:552)
at org.openqa.selenium.remote.RemoteWebDriver$RemoteTargetLocator.window(RemoteWebDriver.java:903)
at com.crm.Sdet.genericLib.WebDriverUtility.switchToWindow(WebDriverUtility.java:70)
at com.crm.Sdet.organization2.createOrganizationForCampaign.createCampaignTest(createOrganizationForCampaign.java:128)
... Removed 33 stack frames]]>
    </failure>
  </testcase> <!-- createCampaignTest -->
  <testcase name="@AfterTest AT" time="0.0" classname="com.crm.Sdet.genericLib.BaseClass">
    <ignored/>
  </testcase> <!-- @AfterTest AT -->
  <testcase name="@AfterTest AT" time="0.0" classname="com.crm.Sdet.genericLib.BaseClass">
    <ignored/>
  </testcase> <!-- @AfterTest AT -->
  <testcase name="@BeforeSuite BS" time="0.0" classname="com.crm.Sdet.genericLib.BaseClass">
    <ignored/>
  </testcase> <!-- @BeforeSuite BS -->
  <testcase name="@BeforeSuite BS" time="0.0" classname="com.crm.Sdet.genericLib.BaseClass">
    <ignored/>
  </testcase> <!-- @BeforeSuite BS -->
  <testcase name="@BeforeTest BT" time="0.0" classname="com.crm.Sdet.genericLib.BaseClass">
    <ignored/>
  </testcase> <!-- @BeforeTest BT -->
  <testcase name="@BeforeTest BT" time="0.0" classname="com.crm.Sdet.genericLib.BaseClass">
    <ignored/>
  </testcase> <!-- @BeforeTest BT -->
  <testcase name="@AfterSuite AS" time="0.0" classname="com.crm.Sdet.genericLib.BaseClass">
    <ignored/>
  </testcase> <!-- @AfterSuite AS -->
  <testcase name="@AfterSuite AS" time="0.0" classname="com.crm.Sdet.genericLib.BaseClass">
    <ignored/>
  </testcase> <!-- @AfterSuite AS -->
</testsuite> <!-- Test -->
